@configure 0755
@COPYING
@COPYRIGHT
@README
@ChangeLog
@jdfits.lis
@autoconf/configure.in
@autoconf/Makefile.in
@autoconf/mkinsdir.sh 0755
@autoconf/install.sh 0755
@autoconf/Makefile.in
@src/config.hin
@src/Makefile.in
@src/fits.c
@src/jdfits.h
@src/fitsfmt.c
@src/sysconf.c
@src/config.h
@src/fitsbin.c
@src/fitsio.c
@src/fitsio.inc
@src/fits2idl.c
@src/fitsdump.c
@src/fitswrite.c
@src/fitsmisc.c
@src/fitshdr.c
@src/fitswbin.c
@src/fitscopy.c
@src/fitsheap.c
@src/fitsuser.c
@src/julian.c
@src/btread.c
@src/makefits.c
@src/copyfits.c
@src/modules.lis
@src/_jdfits.h
