@marx.lis
@marxlib.lis
@changes.txt
@configure 0755
@autoconf/configure.in
@autoconf/config.sub 0755
@autoconf/config.guess 0755
@autoconf/install.sh 0755
@autoconf/Makefile.in
#-
#   Library Source
#-
@libsrc/argcargv.h
@libsrc/argcargv.c
@libsrc/Makefile.in
@libsrc/modules.lis
@libsrc/config.hin
@libsrc/marx-feat.h
@libsrc/marx.h
@libsrc/_marx.h
@libsrc/photon.c
@libsrc/acis-s.c
@libsrc/acis-i.c
@libsrc/marxio.c
@libsrc/hrc-i.c
@libsrc/hrc-s.c
@libsrc/spectrum.c
@libsrc/prob.c
@libsrc/data.c
@libsrc/mirror.c
@libsrc/diffract.c
@libsrc/disperse.c
@libsrc/mblur.c
@libsrc/interp.c
@libsrc/fix_ee.c
@libsrc/dump_ee.c
@libsrc/detector.c
@libsrc/detpix.c
@libsrc/wfold.c
@libsrc/parm.c
@libsrc/parm.h
@libsrc/trans.c
@libsrc/marxerr.c
@libsrc/drake.c
@libsrc/reflect.c
@libsrc/hrma.c
@libsrc/source.c
@libsrc/source.def
@libsrc/util.c
@libsrc/eamirror.c
@libsrc/grating.c
@libsrc/pixlib.c
@libsrc/rdb.c
@libsrc/dither.c
@libsrc/s-saosac.c
@libsrc/s-image.c
@libsrc/s-point.c
@libsrc/s-gauss.c
@libsrc/s-beta.c
@libsrc/s-line.c
@libsrc/s-rayfile.c
@libsrc/s-disk.c
@libsrc/s-user.c
@libsrc/s-simput.c
