@COPYING
@COPYRIGHT
@marx.lis
@marxlib.lis
@ChangeLog
@changes.txt
@configure 0755
@autoconf/configure.in
@autoconf/config.sub 0755
@autoconf/config.guess 0755
@autoconf/install.sh 0755
@autoconf/Makefile.in
#-
#   parameter files
#-
@par/marx.par
@par/marx_xrcf.par
@par/marxasp.par
@par/pileup.par
@par/meg.par
@par/leg.par
#-
#   Documentation
#-
@doc/README
@doc/dump.txt
@doc/parms.txt
@doc/tma.txt
@doc/source.tex
@doc/aimpoint.txt
@doc/marx.html

@doc/examples/user-source/Makefile
@doc/examples/user-source/image.c
@doc/examples/user-source/point.c
@doc/examples/user-source/eventlist.c
@doc/examples/user-source/user.h
@doc/examples/user-source/README

@doc/hrma/hrma-OLD.txt
@doc/hrma/DG-19961223-1.txt
@doc/hrma/PZ-19951128.txt 
@doc/hrma/WAP-19950929.txt
@doc/hrma/WAP-19970327.txt
@doc/hrma/RJE-19961220.txt 
@doc/hrma/WAP-19960328.txt 
@doc/hrma/JPH-19960304.txt
@doc/hrma/TJG-19961007A.txt
@doc/hrma/WAP-19960410.txt
@doc/hrma/JWA-19960603.txt 
@doc/hrma/TJG-19961007B.txt
@doc/hrma/WAP-19961008.txt
@doc/hrma/LVS-19960614.txt
@doc/hrma/TJG-19961007C.txt  
@doc/hrma/WAP-19961108.txt
@doc/hrma/fields.txt

#-
#   Library Source
#-
@libsrc/argcargv.h
@libsrc/argcargv.c
@libsrc/Makefile.in
@libsrc/modules.lis
@libsrc/config.hin
@libsrc/marx-feat.h
@libsrc/marx.h
@libsrc/_marx.h
@libsrc/photon.c
@libsrc/acis-s.c
@libsrc/acis-i.c
@libsrc/acis_geom.c
@libsrc/marxio.c
@libsrc/hrc-i.c
@libsrc/hrc-s.c
@libsrc/hrc_s_geom.c
@libsrc/hrc_i_geom.c
@libsrc/spectrum.c
@libsrc/prob.c
@libsrc/data.c
@libsrc/mirror.c
@libsrc/diffract.c
@libsrc/disperse.c
@libsrc/mblur.c
@libsrc/interp.c
@libsrc/fix_ee.c
@libsrc/dump_ee.c
@libsrc/detector.c
@libsrc/detpix.c
@libsrc/wfold.c
@libsrc/parm.c
@libsrc/parm.h
@libsrc/trans.c
@libsrc/marxerr.c
@libsrc/drake.c
@libsrc/reflect.c
@libsrc/hrma.c
@libsrc/source.c
@libsrc/source.def
@libsrc/util.c
@libsrc/eamirror.c
@libsrc/grating.c
@libsrc/pixlib.c
@libsrc/rdb.c
@libsrc/dither.c
@libsrc/s-saosac.c
@libsrc/s-image.c
@libsrc/s-point.c
@libsrc/s-gauss.c
@libsrc/s-beta.c
@libsrc/s-line.c
@libsrc/s-rayfile.c
@libsrc/s-disk.c
@libsrc/s-user.c
@libsrc/s-simput.c
@libsrc/ffield.c
@libsrc/acis_gain.c
@libsrc/acis_fef.c
@libsrc/aciscontam.c
@libsrc/caldb.c
#
# Marx program and utilities
#
@src/testmarx.sh	0755
@src/Makefile.in
@src/marx.c
@src/dumpwfold.c
@src/marx2dpde.c
@src/geff.c
@src/geffdump.c
@src/rfl.c
@src/marx2fits.c
@src/bestfocus.c
@src/marx2img.c
@src/marxcat.c
@src/acissim.c
@src/detinfo.c
@src/sky2chip.c
@src/marxasp.c

@src/acis-qe.c
@src/henke.c
@src/pileup.c
@src/acissim.h
@src/henke.h

#
# Data files
#
@data/README
@data/FORMAT.TXT
@data/marxcaldb.par

@data/src/Makefile
@data/src/bdat2tbl.c
@data/src/tbl2bdat.c

@data/obs/acis_i_obs.par
@data/obs/acis_s_obs.par
@data/obs/hrc_i_obs.par
@data/obs/hrc_s_obs.par

@data/pixlib/pix_corner_lsi.par
@data/pixlib/pix_sim_table_flight.par

@data/acis/README
*data/acis/aciscontam.dat
#*data/acis/acis_i_xray_trans_1198.dat
#*data/acis/acis_s_xray_trans_1198.dat
#*data/acis/i0_w203c4r_eff_898_release.dat
#*data/acis/i1_w193c2_eff_898_release.dat
#*data/acis/i2_w158c4r_eff_898_release.dat
#*data/acis/i3_w215c2r_eff_898_release.dat
#*data/acis/s0_w168c4r_eff_898_release.dat
#*data/acis/s1_w140c4r_eff_898_release.dat
#*data/acis/s2_w182c4r_eff_898_release.dat
#*data/acis/s3_w134c4r_eff_898_release.dat
#*data/acis/s4_w457c4_eff_898_release.dat
#*data/acis/s5_w201c3r_eff_898_release.dat
#*data/acis/acisD1999-12-10gain_marxN0001_110.fits

@data/ea-mirror/README
*data/ea-mirror/Ae_s1346.dat
*data/ea-mirror/Mirror_EE.bin

@data/grating/README
*data/grating/optical-constants.dat
@data/grating/optical-constants.xray
@data/grating/hetgmp1D1996-11-01marxsectorN0002.tbl
@data/grating/hetgmp3D1996-11-01marxsectorN0002.tbl
@data/grating/hetgmp4D1996-11-01marxsectorN0003.tbl
@data/grating/hetgmp6D1996-11-01marxsectorN0003.tbl
#@data/grating/HETG-1-facet.tbl
#@data/grating/HETG-3-facet.tbl
#@data/grating/HETG-4-facet.tbl
#@data/grating/HETG-6-facet.tbl
*data/grating/letgD1996-11-01greffMARXpr001N0004.dat
#*data/grating/LETG_shell1_multiout.dat
#*data/grating/LETG_shell3_multiout.dat
#*data/grating/LETG_shell4_multiout.dat
#*data/grating/LETG_shell6_multiout.dat
#*data/grating/hetgmp1D1996-11-01greffN0004.dat
#*data/grating/hetgmp3D1996-11-01greffN0004.dat
#*data/grating/hetgmp4D1996-11-01greffN0004.dat
#*data/grating/hetgmp6D1996-11-01greffN0004.dat

@data/hrc/README
*data/hrc/carbon.dat
@data/hrc/carbon.xray
*data/hrc/chromium.dat
@data/hrc/chromium.xray
*data/hrc/gold.dat
@data/hrc/gold.xray
@data/hrc/hrc_s_geom.txt
@data/hrc/hrc_i_geom.txt
*data/hrc/mcp_qe_i.v2.2.dat
*data/hrc/mcp_qe_s.v3.dat	
*data/hrc/uvis_i.v4.dat  	
*data/hrc/uvis_s1.v4.dat
*data/hrc/uvis_s2.v4.dat
*data/hrc/uvis_s34.v4.dat
*data/hrc/uvis_s56.v4.dat

@data/hrma/README
*data/hrma/iridium.dat
*data/hrma/corr_1.dat
*data/hrma/corr_3.dat
*data/hrma/corr_4.dat
*data/hrma/corr_6.dat
@data/hrma/iridium.xray
*data/hrma/scat_p1_M.bin
*data/hrma/scat_p3_M.bin
*data/hrma/scat_p4_M.bin
*data/hrma/scat_p6_M.bin
*data/hrma/scat_h1_M.bin
*data/hrma/scat_h3_M.bin
*data/hrma/scat_h4_M.bin
*data/hrma/scat_h6_M.bin
@data/hrma/EKCHDOS01.rdb
@data/hrma/EKCHDOS02.rdb
@data/hrma/EKCHDOS03.rdb
@data/hrma/EKCHDOS04.rdb
@data/hrma/EKCHDOS05.rdb
@data/hrma/EKCHDOS06.rdb
@data/hrma/ideal.rdb

#*data/qe_hrci_p5000_al700_c200.dat
#*data/qe_hrcs_p2000_al2000.dat
#*data/qe_hrcs_p2000_al300.dat
#*data/qe_hrcs_p2500_al1000.dat
#*data/qe_hrcs_p2500_al300.dat

#@data/henke/README
#@data/henke/molecules.def
#@data/henke/al.nff
#@data/henke/h.nff
#@data/henke/o.nff
#@data/henke/c.nff
#@data/henke/si.nff

@data/caldb/README
*data/caldb/telD1999-07-23geomN0006.fits
*data/caldb/telD1999-07-23aimptsN0002.fits
*data/caldb/acisD1997-04-17qeN0006.fits
*data/caldb/letgD1996-11-01greffpr001N0007.fits
*data/caldb/hetgD1996-11-01greffpr001N0007.fits
*data/caldb/acisfef.fits
*data/caldb/acisD1999-08-13contamN0013_marx.fits
*data/caldb/acisD1999-07-22subpixN0001_marx.fits
@data/caldb/viewfef.sl
@data/caldb/fixfef.sl
