@jdmath.lis
@COPYING
@COPYRIGHT
@changes.txt
@configure 0755
@autoconf/configure.in
@autoconf/Makefile.in
@autoconf/mkinsdir.sh 0755
@autoconf/install.sh 0755
@autoconf/config.sub 0755
@autoconf/config.guess 0755
@doc/jdmath.tex
@doc/random.txt
@demo/Makefile.in
@demo/make.dat
@demo/nsort.c
@demo/integ.c
@demo/binup.c
@src/modules.lis
@src/Makefile.in
@src/config.hin
@src/bilinear.c
@src/fftn.c
@src/fftn-inc.c
@src/rotate.c
@src/binaryio.c
@src/dinterpo.c
@src/dreadcol.c
@src/dynmem.c
@src/finterpo.c
@src/freadcol.c
@src/jdmath.h
@src/_jdmath.h
@src/misc.c
@src/dsort.c
@src/fsort.c
@src/vector.c
@src/hist.c
@src/random.c
@src/simplex.c
@src/complex.c
@src/qroot.c
@src/gaussrnd.c
@src/gnuplot.c
@src/init.c
@src/polyint.c
@src/loggrid.c
@src/bdata.c
@src/nan.c
@src/erf.c
@src/dgelim.c
@src/dblas.c
@src/crout.c
@src/gamma.c
@src/bisect.c
@src/machar.c

@src/test/Makefile
@src/test/README
@src/test/matrix.c
@src/test/test_crout.c
@src/test/test_vector.c
@src/test/test_bisect.c

# Not used
@src/levmrq.c
@src/romberg.c
@src/oromberg.c
@src/gaussj.c
